<?xml version="1.0" encoding="UTF-8"?>
<!-- Generated by org.testng.reporters.JUnitReportReporter -->
<testsuite hostname="DESKTOP-RSTR5O7" failures="0" tests="4" name="packTwo.DependenyAnnot" time="0.008" errors="0" timestamp="2023-04-13T05:42:44 IST" skipped="1">
  <testcase classname="packTwo.DependenyAnnot" name="Timerelated" time="0.003"/>
  <system-out/>
  <testcase classname="packTwo.DependenyAnnot" name="OpeningBrowser" time="0.004"/>
  <system-out/>
  <testcase classname="packTwo.DependenyAnnot" name="FlightBooking" time="0.001"/>
  <system-out/>
  <testcase classname="packTwo.DependenyAnnot" name="Payment">
    <skipped/>
  </testcase> <!-- Payment -->
  <system-out/>
</testsuite> <!-- packTwo.DependenyAnnot -->
