<?xml version="1.0" encoding="UTF-8"?>
<!-- Generated by org.testng.reporters.JUnitReportReporter -->
<testsuite hostname="DESKTOP-RSTR5O7" failures="0" tests="1" name="testngFiles.Annot2" time="0.012" errors="0" timestamp="2023-04-13T05:42:44 IST" skipped="0">
  <testcase classname="testngFiles.Annot2" name="software" time="0.012"/>
  <system-out/>
</testsuite> <!-- testngFiles.Annot2 -->
