<?xml version="1.0" encoding="UTF-8"?>
<!-- Generated by org.testng.reporters.JUnitReportReporter -->
<testsuite hostname="DESKTOP-RSTR5O7" failures="0" tests="3" name="packTwo.Annotations" time="0.021" errors="0" timestamp="2023-04-13T05:42:44 IST" skipped="0">
  <testcase classname="packTwo.Annotations" name="FlightCancel" time="0.008"/>
  <system-out/>
  <testcase classname="packTwo.Annotations" name="OpeningBrowser" time="0.004"/>
  <system-out/>
  <testcase classname="packTwo.Annotations" name="FlightBooking" time="0.009"/>
  <system-out/>
</testsuite> <!-- packTwo.Annotations -->
