<?xml version="1.0" encoding="UTF-8"?>
<!-- Generated by org.testng.reporters.JUnitReportReporter -->
<testsuite hostname="DESKTOP-RSTR5O7" failures="0" tests="4" name="testngFiles.DependenyAnnot" time="0.017" errors="0" timestamp="2023-04-13T05:42:44 IST" skipped="1">
  <testcase classname="testngFiles.DependenyAnnot" name="Timerelated" time="0.012"/>
  <system-out/>
  <testcase classname="testngFiles.DependenyAnnot" name="FlightBooking" time="0.002"/>
  <system-out/>
  <testcase classname="testngFiles.DependenyAnnot" name="OpeningBrowser" time="0.003"/>
  <system-out/>
  <testcase classname="testngFiles.DependenyAnnot" name="Payment">
    <skipped/>
  </testcase> <!-- Payment -->
  <system-out/>
</testsuite> <!-- testngFiles.DependenyAnnot -->
