<?xml version="1.0" encoding="UTF-8"?>
<!-- Generated by org.testng.reporters.JUnitReportReporter -->
<testsuite hostname="DESKTOP-RSTR5O7" failures="0" tests="3" name="datddriven.Annotations" time="0.028" errors="0" timestamp="2023-04-13T05:41:55 IST" skipped="0">
  <testcase classname="datddriven.Annotations" name="Userid" time="0.005"/>
  <system-out/>
  <testcase classname="datddriven.Annotations" name="Userid" time="0.018"/>
  <system-out/>
  <testcase classname="datddriven.Annotations" name="Userid" time="0.005"/>
  <system-out/>
</testsuite> <!-- datddriven.Annotations -->
