<?xml version="1.0" encoding="UTF-8"?>
<!-- Generated by org.testng.reporters.JUnitReportReporter -->
<testsuite hostname="DESKTOP-RSTR5O7" failures="0" tests="1" name="testngFiles2.Annot2" time="0.013" errors="0" timestamp="2023-04-13T05:42:24 IST" skipped="0">
  <testcase classname="testngFiles2.Annot2" name="software" time="0.013"/>
  <system-out/>
</testsuite> <!-- testngFiles2.Annot2 -->
