<?xml version="1.0" encoding="UTF-8"?>
<!-- Generated by org.testng.reporters.JUnitReportReporter -->
<testsuite hostname="DESKTOP-RSTR5O7" failures="0" tests="2" name="testngFiles2.Annotations" time="0.008" errors="0" timestamp="2023-04-13T05:42:24 IST" skipped="0">
  <testcase classname="testngFiles2.Annotations" name="OpeningBrowser" time="0.004"/>
  <system-out/>
  <testcase classname="testngFiles2.Annotations" name="FlightBooking" time="0.004"/>
  <system-out/>
</testsuite> <!-- testngFiles2.Annotations -->
